Determining if the function pcap_setsampling exists failed with the following output:
Change Dir: /home/mohab/Downloads/kdd99_feature_extractor-master/build-files/CMakeFiles/CMakeTmp

Run Build Command(s):/usr/bin/make cmTC_77486/fast && /usr/bin/make -f CMakeFiles/cmTC_77486.dir/build.make CMakeFiles/cmTC_77486.dir/build
make[1]: Entering directory '/home/mohab/Downloads/kdd99_feature_extractor-master/build-files/CMakeFiles/CMakeTmp'
Building C object CMakeFiles/cmTC_77486.dir/CheckFunctionExists.c.o
/usr/bin/cc   -DCHECK_FUNCTION_EXISTS=pcap_setsampling   -o CMakeFiles/cmTC_77486.dir/CheckFunctionExists.c.o   -c /usr/share/cmake-3.16/Modules/CheckFunctionExists.c
Linking C executable cmTC_77486
/usr/bin/cmake -E cmake_link_script CMakeFiles/cmTC_77486.dir/link.txt --verbose=1
/usr/bin/cc  -DCHECK_FUNCTION_EXISTS=pcap_setsampling    -rdynamic CMakeFiles/cmTC_77486.dir/CheckFunctionExists.c.o  -o cmTC_77486  /usr/lib/x86_64-linux-gnu/libpcap.so 
/usr/bin/ld: CMakeFiles/cmTC_77486.dir/CheckFunctionExists.c.o: in function `main':
CheckFunctionExists.c:(.text+0x14): undefined reference to `pcap_setsampling'
collect2: error: ld returned 1 exit status
make[1]: *** [CMakeFiles/cmTC_77486.dir/build.make:88: cmTC_77486] Error 1
make[1]: Leaving directory '/home/mohab/Downloads/kdd99_feature_extractor-master/build-files/CMakeFiles/CMakeTmp'
make: *** [Makefile:121: cmTC_77486/fast] Error 2



Determining if the function pcap_open exists failed with the following output:
Change Dir: /home/mohab/Downloads/kdd99_feature_extractor-master/build-files/CMakeFiles/CMakeTmp

Run Build Command(s):/usr/bin/make cmTC_f48a4/fast && /usr/bin/make -f CMakeFiles/cmTC_f48a4.dir/build.make CMakeFiles/cmTC_f48a4.dir/build
make[1]: Entering directory '/home/mohab/Downloads/kdd99_feature_extractor-master/build-files/CMakeFiles/CMakeTmp'
Building C object CMakeFiles/cmTC_f48a4.dir/CheckFunctionExists.c.o
/usr/bin/cc   -DCHECK_FUNCTION_EXISTS=pcap_open   -o CMakeFiles/cmTC_f48a4.dir/CheckFunctionExists.c.o   -c /usr/share/cmake-3.16/Modules/CheckFunctionExists.c
Linking C executable cmTC_f48a4
/usr/bin/cmake -E cmake_link_script CMakeFiles/cmTC_f48a4.dir/link.txt --verbose=1
/usr/bin/cc  -DCHECK_FUNCTION_EXISTS=pcap_open    -rdynamic CMakeFiles/cmTC_f48a4.dir/CheckFunctionExists.c.o  -o cmTC_f48a4  /usr/lib/x86_64-linux-gnu/libpcap.so 
/usr/bin/ld: CMakeFiles/cmTC_f48a4.dir/CheckFunctionExists.c.o: in function `main':
CheckFunctionExists.c:(.text+0x14): undefined reference to `pcap_open'
collect2: error: ld returned 1 exit status
make[1]: *** [CMakeFiles/cmTC_f48a4.dir/build.make:88: cmTC_f48a4] Error 1
make[1]: Leaving directory '/home/mohab/Downloads/kdd99_feature_extractor-master/build-files/CMakeFiles/CMakeTmp'
make: *** [Makefile:121: cmTC_f48a4/fast] Error 2



